[debug] [2024-03-23T08:03:09.880Z] ----------------------------------------------------------------------
[debug] [2024-03-23T08:03:09.883Z] Command:       C:\Program Files\nodejs\node.exe C:\Users\chamikara mendis\AppData\Roaming\npm\node_modules\firebase-tools\lib\bin\firebase.js deploy
[debug] [2024-03-23T08:03:09.884Z] CLI Version:   13.4.1
[debug] [2024-03-23T08:03:09.884Z] Platform:      win32
[debug] [2024-03-23T08:03:09.884Z] Node Version:  v20.11.1
[debug] [2024-03-23T08:03:09.884Z] Time:          Sat Mar 23 2024 13:33:09 GMT+0530 (India Standard Time)
[debug] [2024-03-23T08:03:09.885Z] ----------------------------------------------------------------------
[debug] 
[debug] [2024-03-23T08:03:09.889Z] >>> [apiv2][query] GET https://firebase-public.firebaseio.com/cli.json [none]
[debug] [2024-03-23T08:03:10.095Z] > command requires scopes: ["email","openid","https://www.googleapis.com/auth/cloudplatformprojects.readonly","https://www.googleapis.com/auth/firebase","https://www.googleapis.com/auth/cloud-platform"]
[debug] [2024-03-23T08:03:10.096Z] > authorizing via signed-in user (chamikara98@gmail.com)
[debug] [2024-03-23T08:03:10.097Z] [iam] checking project clear-flow-9e0f0 for permissions ["cloudfunctions.functions.create","cloudfunctions.functions.delete","cloudfunctions.functions.get","cloudfunctions.functions.list","cloudfunctions.functions.update","cloudfunctions.operations.get","firebase.projects.get"]
[debug] [2024-03-23T08:03:10.099Z] > refreshing access token with scopes: []
[debug] [2024-03-23T08:03:10.101Z] >>> [apiv2][query] POST https://www.googleapis.com/oauth2/v3/token [none]
[debug] [2024-03-23T08:03:10.101Z] >>> [apiv2][body] POST https://www.googleapis.com/oauth2/v3/token [omitted]
[debug] [2024-03-23T08:03:10.318Z] <<< [apiv2][status] POST https://www.googleapis.com/oauth2/v3/token 200
[debug] [2024-03-23T08:03:10.319Z] <<< [apiv2][body] POST https://www.googleapis.com/oauth2/v3/token [omitted]
[debug] [2024-03-23T08:03:10.336Z] >>> [apiv2][query] POST https://cloudresourcemanager.googleapis.com/v1/projects/clear-flow-9e0f0:testIamPermissions [none]
[debug] [2024-03-23T08:03:10.336Z] >>> [apiv2][(partial)header] POST https://cloudresourcemanager.googleapis.com/v1/projects/clear-flow-9e0f0:testIamPermissions x-goog-quota-user=projects/clear-flow-9e0f0
[debug] [2024-03-23T08:03:10.337Z] >>> [apiv2][body] POST https://cloudresourcemanager.googleapis.com/v1/projects/clear-flow-9e0f0:testIamPermissions {"permissions":["cloudfunctions.functions.create","cloudfunctions.functions.delete","cloudfunctions.functions.get","cloudfunctions.functions.list","cloudfunctions.functions.update","cloudfunctions.operations.get","firebase.projects.get"]}
[debug] [2024-03-23T08:03:10.698Z] <<< [apiv2][status] GET https://firebase-public.firebaseio.com/cli.json 200
[debug] [2024-03-23T08:03:10.698Z] <<< [apiv2][body] GET https://firebase-public.firebaseio.com/cli.json {"cloudBuildErrorAfter":1594252800000,"cloudBuildWarnAfter":1590019200000,"defaultNode10After":1594252800000,"minVersion":"3.0.5","node8DeploysDisabledAfter":1613390400000,"node8RuntimeDisabledAfter":1615809600000,"node8WarnAfter":1600128000000}
[debug] [2024-03-23T08:03:11.516Z] <<< [apiv2][status] POST https://cloudresourcemanager.googleapis.com/v1/projects/clear-flow-9e0f0:testIamPermissions 200
[debug] [2024-03-23T08:03:11.517Z] <<< [apiv2][body] POST https://cloudresourcemanager.googleapis.com/v1/projects/clear-flow-9e0f0:testIamPermissions {"permissions":["cloudfunctions.functions.create","cloudfunctions.functions.delete","cloudfunctions.functions.get","cloudfunctions.functions.list","cloudfunctions.functions.update","cloudfunctions.operations.get","firebase.projects.get"]}
[debug] [2024-03-23T08:03:11.517Z] >>> [apiv2][query] POST https://iam.googleapis.com/v1/projects/clear-flow-9e0f0/serviceAccounts/clear-flow-9e0f0@appspot.gserviceaccount.com:testIamPermissions [none]
[debug] [2024-03-23T08:03:11.517Z] >>> [apiv2][body] POST https://iam.googleapis.com/v1/projects/clear-flow-9e0f0/serviceAccounts/clear-flow-9e0f0@appspot.gserviceaccount.com:testIamPermissions {"permissions":["iam.serviceAccounts.actAs"]}
[debug] [2024-03-23T08:03:13.002Z] <<< [apiv2][status] POST https://iam.googleapis.com/v1/projects/clear-flow-9e0f0/serviceAccounts/clear-flow-9e0f0@appspot.gserviceaccount.com:testIamPermissions 200
[debug] [2024-03-23T08:03:13.002Z] <<< [apiv2][body] POST https://iam.googleapis.com/v1/projects/clear-flow-9e0f0/serviceAccounts/clear-flow-9e0f0@appspot.gserviceaccount.com:testIamPermissions {"permissions":["iam.serviceAccounts.actAs"]}
[info] 
[info] === Deploying to 'clear-flow-9e0f0'...
[info] 
[info] i  deploying functions 
[debug] [2024-03-23T08:03:13.008Z] >>> [apiv2][query] GET https://firebase.googleapis.com/v1beta1/projects/clear-flow-9e0f0 [none]
[debug] [2024-03-23T08:03:13.572Z] <<< [apiv2][status] GET https://firebase.googleapis.com/v1beta1/projects/clear-flow-9e0f0 200
[debug] [2024-03-23T08:03:13.572Z] <<< [apiv2][body] GET https://firebase.googleapis.com/v1beta1/projects/clear-flow-9e0f0 {"projectId":"clear-flow-9e0f0","projectNumber":"215225063700","displayName":"Clear Flow","name":"projects/clear-flow-9e0f0","resources":{"hostingSite":"clear-flow-9e0f0"},"state":"ACTIVE","etag":"1_cf41d15f-07fe-445a-8ae4-0e50064dc1b9"}
[info] i  functions: preparing codebase default for deployment 
[info] i  functions: ensuring required API cloudfunctions.googleapis.com is enabled... 
[info] i  functions: ensuring required API cloudbuild.googleapis.com is enabled... 
[info] i  artifactregistry: ensuring required API artifactregistry.googleapis.com is enabled... 
[debug] [2024-03-23T08:03:13.577Z] >>> [apiv2][query] GET https://serviceusage.googleapis.com/v1/projects/clear-flow-9e0f0/services/cloudfunctions.googleapis.com [none]
[debug] [2024-03-23T08:03:13.578Z] >>> [apiv2][(partial)header] GET https://serviceusage.googleapis.com/v1/projects/clear-flow-9e0f0/services/cloudfunctions.googleapis.com x-goog-quota-user=projects/clear-flow-9e0f0
[debug] [2024-03-23T08:03:13.580Z] >>> [apiv2][query] GET https://serviceusage.googleapis.com/v1/projects/clear-flow-9e0f0/services/runtimeconfig.googleapis.com [none]
[debug] [2024-03-23T08:03:13.580Z] >>> [apiv2][(partial)header] GET https://serviceusage.googleapis.com/v1/projects/clear-flow-9e0f0/services/runtimeconfig.googleapis.com x-goog-quota-user=projects/clear-flow-9e0f0
[debug] [2024-03-23T08:03:13.581Z] >>> [apiv2][query] GET https://serviceusage.googleapis.com/v1/projects/clear-flow-9e0f0/services/cloudbuild.googleapis.com [none]
[debug] [2024-03-23T08:03:13.581Z] >>> [apiv2][(partial)header] GET https://serviceusage.googleapis.com/v1/projects/clear-flow-9e0f0/services/cloudbuild.googleapis.com x-goog-quota-user=projects/clear-flow-9e0f0
[debug] [2024-03-23T08:03:13.582Z] >>> [apiv2][query] GET https://serviceusage.googleapis.com/v1/projects/clear-flow-9e0f0/services/artifactregistry.googleapis.com [none]
[debug] [2024-03-23T08:03:13.582Z] >>> [apiv2][(partial)header] GET https://serviceusage.googleapis.com/v1/projects/clear-flow-9e0f0/services/artifactregistry.googleapis.com x-goog-quota-user=projects/clear-flow-9e0f0
[debug] [2024-03-23T08:03:15.114Z] <<< [apiv2][status] GET https://serviceusage.googleapis.com/v1/projects/clear-flow-9e0f0/services/runtimeconfig.googleapis.com 200
[debug] [2024-03-23T08:03:15.114Z] <<< [apiv2][body] GET https://serviceusage.googleapis.com/v1/projects/clear-flow-9e0f0/services/runtimeconfig.googleapis.com [omitted]
[debug] [2024-03-23T08:03:15.199Z] <<< [apiv2][status] GET https://serviceusage.googleapis.com/v1/projects/clear-flow-9e0f0/services/artifactregistry.googleapis.com 200
[debug] [2024-03-23T08:03:15.199Z] <<< [apiv2][body] GET https://serviceusage.googleapis.com/v1/projects/clear-flow-9e0f0/services/artifactregistry.googleapis.com [omitted]
[info] +  artifactregistry: required API artifactregistry.googleapis.com is enabled 
[debug] [2024-03-23T08:03:15.201Z] <<< [apiv2][status] GET https://serviceusage.googleapis.com/v1/projects/clear-flow-9e0f0/services/cloudbuild.googleapis.com 200
[debug] [2024-03-23T08:03:15.201Z] <<< [apiv2][body] GET https://serviceusage.googleapis.com/v1/projects/clear-flow-9e0f0/services/cloudbuild.googleapis.com [omitted]
[info] +  functions: required API cloudbuild.googleapis.com is enabled 
[debug] [2024-03-23T08:03:15.203Z] <<< [apiv2][status] GET https://serviceusage.googleapis.com/v1/projects/clear-flow-9e0f0/services/cloudfunctions.googleapis.com 200
[debug] [2024-03-23T08:03:15.203Z] <<< [apiv2][body] GET https://serviceusage.googleapis.com/v1/projects/clear-flow-9e0f0/services/cloudfunctions.googleapis.com [omitted]
[info] +  functions: required API cloudfunctions.googleapis.com is enabled 
[debug] [2024-03-23T08:03:15.204Z] >>> [apiv2][query] GET https://firebase.googleapis.com/v1beta1/projects/clear-flow-9e0f0/adminSdkConfig [none]
[debug] [2024-03-23T08:03:15.590Z] <<< [apiv2][status] GET https://firebase.googleapis.com/v1beta1/projects/clear-flow-9e0f0/adminSdkConfig 200
[debug] [2024-03-23T08:03:15.590Z] <<< [apiv2][body] GET https://firebase.googleapis.com/v1beta1/projects/clear-flow-9e0f0/adminSdkConfig {"projectId":"clear-flow-9e0f0","storageBucket":"clear-flow-9e0f0.appspot.com"}
[debug] [2024-03-23T08:03:15.591Z] >>> [apiv2][query] GET https://runtimeconfig.googleapis.com/v1beta1/projects/clear-flow-9e0f0/configs [none]
